<?xml version="1.0" encoding="UTF-8"?>
<!-- Generated by org.testng.reporters.JUnitReportReporter -->
<testsuite hostname="Jaliya" failures="0" tests="1" name="tests.UpdateUserTest" time="14.452" errors="0" timestamp="2025-07-24T17:08:39 IST" skipped="0">
  <testcase classname="tests.UpdateUserTest" name="test" time="14.452"/>
</testsuite> <!-- tests.UpdateUserTest -->
