<?xml version="1.0" encoding="UTF-8"?>
<!-- Generated by org.testng.reporters.JUnitReportReporter -->
<testsuite hostname="Jaliya" failures="0" tests="1" name="tests.FirstTest" time="11.300" errors="0" timestamp="2025-07-23T20:04:51 IST" skipped="0">
  <testcase classname="tests.FirstTest" name="verifyTitle" time="11.300"/>
</testsuite> <!-- tests.FirstTest -->
