<?xml version="1.0" encoding="UTF-8"?>
<!-- Generated by org.testng.reporters.JUnitReportReporter -->
<testsuite hostname="Jaliya" failures="0" tests="1" name="tests.QaUserCreation" time="30.480" errors="1" timestamp="2025-07-23T17:26:37 IST" skipped="0">
  <testcase classname="tests.QaUserCreation" name="test" time="30.480">
    <error message="Error {
  message=&#039;Target page, context or browser has been closed
  name=&#039;TargetClosedError
  stack=&#039;TargetClosedError:Target page, context or browser has been closed
Error
    at captureRawStack (C:\Users\mjali\AppData\Local\Temp\playwright-java-18298522556835003045\package\lib\utils\isomorphic\stackTrace.js:32:17)
    at LongStandingScope._race (C:\Users\mjali\AppData\Local\Temp\playwright-java-18298522556835003045\package\lib\utils\isomorphic\manualPromise.js:87:58)
    at LongStandingScope.race (C:\Users\mjali\AppData\Local\Temp\playwright-java-18298522556835003045\package\lib\utils\isomorphic\manualPromise.js:80:17)
    at C:\Users\mjali\AppData\Local\Temp\playwright-java-18298522556835003045\package\lib\utils\isomorphic\manualPromise.js:77:45
    at Array.map (&lt;anonymous&gt;)
    at LongStandingScope.raceMultiple (C:\Users\mjali\AppData\Local\Temp\playwright-java-18298522556835003045\package\lib\utils\isomorphic\manualPromise.js:77:32)
    at Frame.retryWithProgressAndTimeouts (C:\Users\mjali\AppData\Local\Temp\playwright-java-18298522556835003045\package\lib\server\frames.js:877:46)
    at async C:\Users\mjali\AppData\Local\Temp\playwright-java-18298522556835003045\package\lib\server\frames.js:960:29
    at async ProgressController.run (C:\Users\mjali\AppData\Local\Temp\playwright-java-18298522556835003045\package\lib\server\progress.js:80:22)
    at async FrameDispatcher.click (C:\Users\mjali\AppData\Local\Temp\playwright-java-18298522556835003045\package\lib\server\dispatchers\frameDispatcher.js:117:12)
    at async LongStandingScope._race (C:\Users\mjali\AppData\Local\Temp\playwright-java-18298522556835003045\package\lib\utils\isomorphic\manualPromise.js:94:14)
    at async FrameDispatcher._handleCommand (C:\Users\mjali\AppData\Local\Temp\playwright-java-18298522556835003045\package\lib\server\dispatchers\dispatcher.js:90:14)
    at async DispatcherConnection.dispatch (C:\Users\mjali\AppData\Local\Temp\playwright-java-18298522556835003045\package\lib\server\dispatchers\dispatcher.js:309:22)
}
Call log:
-   - waiting for locator(&quot;.top_menu_icons_outer_wrap&quot;).first()
" type="com.microsoft.playwright.impl.TargetClosedError">
      <![CDATA[com.microsoft.playwright.impl.TargetClosedError: Error {
  message='Target page, context or browser has been closed
  name='TargetClosedError
  stack='TargetClosedError:Target page, context or browser has been closed
Error
    at captureRawStack (C:\Users\mjali\AppData\Local\Temp\playwright-java-18298522556835003045\package\lib\utils\isomorphic\stackTrace.js:32:17)
    at LongStandingScope._race (C:\Users\mjali\AppData\Local\Temp\playwright-java-18298522556835003045\package\lib\utils\isomorphic\manualPromise.js:87:58)
    at LongStandingScope.race (C:\Users\mjali\AppData\Local\Temp\playwright-java-18298522556835003045\package\lib\utils\isomorphic\manualPromise.js:80:17)
    at C:\Users\mjali\AppData\Local\Temp\playwright-java-18298522556835003045\package\lib\utils\isomorphic\manualPromise.js:77:45
    at Array.map (<anonymous>)
    at LongStandingScope.raceMultiple (C:\Users\mjali\AppData\Local\Temp\playwright-java-18298522556835003045\package\lib\utils\isomorphic\manualPromise.js:77:32)
    at Frame.retryWithProgressAndTimeouts (C:\Users\mjali\AppData\Local\Temp\playwright-java-18298522556835003045\package\lib\server\frames.js:877:46)
    at async C:\Users\mjali\AppData\Local\Temp\playwright-java-18298522556835003045\package\lib\server\frames.js:960:29
    at async ProgressController.run (C:\Users\mjali\AppData\Local\Temp\playwright-java-18298522556835003045\package\lib\server\progress.js:80:22)
    at async FrameDispatcher.click (C:\Users\mjali\AppData\Local\Temp\playwright-java-18298522556835003045\package\lib\server\dispatchers\frameDispatcher.js:117:12)
    at async LongStandingScope._race (C:\Users\mjali\AppData\Local\Temp\playwright-java-18298522556835003045\package\lib\utils\isomorphic\manualPromise.js:94:14)
    at async FrameDispatcher._handleCommand (C:\Users\mjali\AppData\Local\Temp\playwright-java-18298522556835003045\package\lib\server\dispatchers\dispatcher.js:90:14)
    at async DispatcherConnection.dispatch (C:\Users\mjali\AppData\Local\Temp\playwright-java-18298522556835003045\package\lib\server\dispatchers\dispatcher.js:309:22)
}
Call log:
-   - waiting for locator(".top_menu_icons_outer_wrap").first()

at com.microsoft.playwright.impl.WaitableResult.get(WaitableResult.java:54)
at com.microsoft.playwright.impl.ChannelOwner.runUntil(ChannelOwner.java:138)
at com.microsoft.playwright.impl.Connection.sendMessage(Connection.java:131)
at com.microsoft.playwright.impl.ChannelOwner.sendMessage(ChannelOwner.java:124)
at com.microsoft.playwright.impl.FrameImpl.clickImpl(FrameImpl.java:241)
at com.microsoft.playwright.impl.FrameImpl.click(FrameImpl.java:232)
at com.microsoft.playwright.impl.LocatorImpl.click(LocatorImpl.java:164)
at com.microsoft.playwright.Locator.click(Locator.java:2500)
at tests.QaUserCreation.test(QaUserCreation.java:23)
at java.base/jdk.internal.reflect.DirectMethodHandleAccessor.invoke(DirectMethodHandleAccessor.java:103)
at java.base/java.lang.reflect.Method.invoke(Method.java:580)
at org.testng.internal.invokers.MethodInvocationHelper.invokeMethod(MethodInvocationHelper.java:141)
at org.testng.internal.invokers.TestInvoker.invokeMethod(TestInvoker.java:687)
at org.testng.internal.invokers.TestInvoker.invokeTestMethod(TestInvoker.java:230)
at org.testng.internal.invokers.MethodRunner.runInSequence(MethodRunner.java:63)
at org.testng.internal.invokers.TestInvoker$MethodInvocationAgent.invoke(TestInvoker.java:995)
at org.testng.internal.invokers.TestInvoker.invokeTestMethods(TestInvoker.java:203)
at org.testng.internal.invokers.TestMethodWorker.invokeTestMethods(TestMethodWorker.java:154)
at org.testng.internal.invokers.TestMethodWorker.run(TestMethodWorker.java:134)
at java.base/java.util.ArrayList.forEach(ArrayList.java:1596)
at org.testng.TestRunner.privateRun(TestRunner.java:741)
at org.testng.TestRunner.run(TestRunner.java:616)
at org.testng.SuiteRunner.runTest(SuiteRunner.java:421)
at org.testng.SuiteRunner.runSequentially(SuiteRunner.java:413)
at org.testng.SuiteRunner.privateRun(SuiteRunner.java:373)
at org.testng.SuiteRunner.run(SuiteRunner.java:312)
at org.testng.SuiteRunnerWorker.runSuite(SuiteRunnerWorker.java:52)
at org.testng.SuiteRunnerWorker.run(SuiteRunnerWorker.java:95)
at org.testng.TestNG.runSuitesSequentially(TestNG.java:1274)
at org.testng.TestNG.runSuitesLocally(TestNG.java:1208)
at org.testng.TestNG.runSuites(TestNG.java:1112)
at org.testng.TestNG.run(TestNG.java:1079)
at org.testng.remote.AbstractRemoteTestNG.run(AbstractRemoteTestNG.java:115)
at org.testng.remote.RemoteTestNG.initAndRun(RemoteTestNG.java:293)
at org.testng.remote.RemoteTestNG.main(RemoteTestNG.java:91)
Caused by: com.microsoft.playwright.impl.TargetClosedError: Error {
  message='Target page, context or browser has been closed
  name='TargetClosedError
  stack='TargetClosedError:Target page, context or browser has been closed
Error
    at captureRawStack (C:\Users\mjali\AppData\Local\Temp\playwright-java-18298522556835003045\package\lib\utils\isomorphic\stackTrace.js:32:17)
    at LongStandingScope._race (C:\Users\mjali\AppData\Local\Temp\playwright-java-18298522556835003045\package\lib\utils\isomorphic\manualPromise.js:87:58)
    at LongStandingScope.race (C:\Users\mjali\AppData\Local\Temp\playwright-java-18298522556835003045\package\lib\utils\isomorphic\manualPromise.js:80:17)
    at C:\Users\mjali\AppData\Local\Temp\playwright-java-18298522556835003045\package\lib\utils\isomorphic\manualPromise.js:77:45
    at Array.map (<anonymous>)
    at LongStandingScope.raceMultiple (C:\Users\mjali\AppData\Local\Temp\playwright-java-18298522556835003045\package\lib\utils\isomorphic\manualPromise.js:77:32)
    at Frame.retryWithProgressAndTimeouts (C:\Users\mjali\AppData\Local\Temp\playwright-java-18298522556835003045\package\lib\server\frames.js:877:46)
    at async C:\Users\mjali\AppData\Local\Temp\playwright-java-18298522556835003045\package\lib\server\frames.js:960:29
    at async ProgressController.run (C:\Users\mjali\AppData\Local\Temp\playwright-java-18298522556835003045\package\lib\server\progress.js:80:22)
    at async FrameDispatcher.click (C:\Users\mjali\AppData\Local\Temp\playwright-java-18298522556835003045\package\lib\server\dispatchers\frameDispatcher.js:117:12)
    at async LongStandingScope._race (C:\Users\mjali\AppData\Local\Temp\playwright-java-18298522556835003045\package\lib\utils\isomorphic\manualPromise.js:94:14)
    at async FrameDispatcher._handleCommand (C:\Users\mjali\AppData\Local\Temp\playwright-java-18298522556835003045\package\lib\server\dispatchers\dispatcher.js:90:14)
    at async DispatcherConnection.dispatch (C:\Users\mjali\AppData\Local\Temp\playwright-java-18298522556835003045\package\lib\server\dispatchers\dispatcher.js:309:22)
}
Call log:
-   - waiting for locator(".top_menu_icons_outer_wrap").first()

at com.microsoft.playwright.impl.Connection.dispatch(Connection.java:259)
at com.microsoft.playwright.impl.Connection.processOneMessage(Connection.java:214)
at com.microsoft.playwright.impl.ChannelOwner.runUntil(ChannelOwner.java:136)
... 33 more
]]>
    </error>
  </testcase> <!-- test -->
</testsuite> <!-- tests.QaUserCreation -->
