<?xml version="1.0" encoding="UTF-8"?>
<!-- Generated by org.testng.reporters.JUnitReportReporter -->
<testsuite hostname="Jaliya" failures="0" tests="1" name="tests.RegisterUserTest" time="21.230" errors="0" timestamp="2025-07-24T17:08:39 IST" skipped="0">
  <testcase classname="tests.RegisterUserTest" name="test" time="21.230"/>
</testsuite> <!-- tests.RegisterUserTest -->
