<?xml version="1.0" encoding="UTF-8"?>
<!-- Generated by org.testng.reporters.JUnitReportReporter -->
<testsuite hostname="Jaliya" failures="0" tests="1" name="tests.LoginTest" time="12.890" errors="0" timestamp="2025-07-24T17:08:39 IST" skipped="0">
  <testcase classname="tests.LoginTest" name="test" time="12.890"/>
</testsuite> <!-- tests.LoginTest -->
