<?xml version="1.0" encoding="UTF-8"?>
<!-- Generated by org.testng.reporters.JUnitReportReporter -->
<testsuite hostname="Jaliya" failures="0" tests="1" name="tests.RegisterUserTest" time="3.698" errors="1" timestamp="2025-07-24T15:57:16 IST" skipped="0">
  <testcase classname="tests.RegisterUserTest" name="test" time="3.698">
    <error message="Error {
  message=&#039;Target page, context or browser has been closed
  name=&#039;TargetClosedError
  stack=&#039;TargetClosedError:Target page, context or browser has been closed
Error
    at captureRawStack (C:\Users\mjali\AppData\Local\Temp\playwright-java-17126378196027978920\package\lib\utils\isomorphic\stackTrace.js:32:17)
    at LongStandingScope._race (C:\Users\mjali\AppData\Local\Temp\playwright-java-17126378196027978920\package\lib\utils\isomorphic\manualPromise.js:87:58)
    at LongStandingScope.race (C:\Users\mjali\AppData\Local\Temp\playwright-java-17126378196027978920\package\lib\utils\isomorphic\manualPromise.js:80:17)
    at FrameDispatcher._handleCommand (C:\Users\mjali\AppData\Local\Temp\playwright-java-17126378196027978920\package\lib\server\dispatchers\dispatcher.js:90:36)
    at DispatcherConnection.dispatch (C:\Users\mjali\AppData\Local\Temp\playwright-java-17126378196027978920\package\lib\server\dispatchers\dispatcher.js:309:39)
}
Call log:
-   - navigating to &quot;https://parabank.parasoft.com/parabank/index.htm&quot;, waiting until &quot;load&quot;
" type="com.microsoft.playwright.impl.TargetClosedError">
      <![CDATA[com.microsoft.playwright.impl.TargetClosedError: Error {
  message='Target page, context or browser has been closed
  name='TargetClosedError
  stack='TargetClosedError:Target page, context or browser has been closed
Error
    at captureRawStack (C:\Users\mjali\AppData\Local\Temp\playwright-java-17126378196027978920\package\lib\utils\isomorphic\stackTrace.js:32:17)
    at LongStandingScope._race (C:\Users\mjali\AppData\Local\Temp\playwright-java-17126378196027978920\package\lib\utils\isomorphic\manualPromise.js:87:58)
    at LongStandingScope.race (C:\Users\mjali\AppData\Local\Temp\playwright-java-17126378196027978920\package\lib\utils\isomorphic\manualPromise.js:80:17)
    at FrameDispatcher._handleCommand (C:\Users\mjali\AppData\Local\Temp\playwright-java-17126378196027978920\package\lib\server\dispatchers\dispatcher.js:90:36)
    at DispatcherConnection.dispatch (C:\Users\mjali\AppData\Local\Temp\playwright-java-17126378196027978920\package\lib\server\dispatchers\dispatcher.js:309:39)
}
Call log:
-   - navigating to "https://parabank.parasoft.com/parabank/index.htm", waiting until "load"

at com.microsoft.playwright.impl.WaitableResult.get(WaitableResult.java:54)
at com.microsoft.playwright.impl.ChannelOwner.runUntil(ChannelOwner.java:138)
at com.microsoft.playwright.impl.Connection.sendMessage(Connection.java:131)
at com.microsoft.playwright.impl.ChannelOwner.sendMessage(ChannelOwner.java:124)
at com.microsoft.playwright.impl.FrameImpl.navigateImpl(FrameImpl.java:419)
at com.microsoft.playwright.impl.PageImpl.navigate(PageImpl.java:918)
at com.microsoft.playwright.impl.PageImpl.navigate(PageImpl.java:42)
at com.microsoft.playwright.Page.navigate(Page.java:5491)
at tests.RegisterUserTest.test(RegisterUserTest.java:14)
at java.base/jdk.internal.reflect.DirectMethodHandleAccessor.invoke(DirectMethodHandleAccessor.java:103)
at java.base/java.lang.reflect.Method.invoke(Method.java:580)
at org.testng.internal.invokers.MethodInvocationHelper.invokeMethod(MethodInvocationHelper.java:141)
at org.testng.internal.invokers.TestInvoker.invokeMethod(TestInvoker.java:687)
at org.testng.internal.invokers.TestInvoker.invokeTestMethod(TestInvoker.java:230)
at org.testng.internal.invokers.MethodRunner.runInSequence(MethodRunner.java:63)
at org.testng.internal.invokers.TestInvoker$MethodInvocationAgent.invoke(TestInvoker.java:995)
at org.testng.internal.invokers.TestInvoker.invokeTestMethods(TestInvoker.java:203)
at org.testng.internal.invokers.TestMethodWorker.invokeTestMethods(TestMethodWorker.java:154)
at org.testng.internal.invokers.TestMethodWorker.run(TestMethodWorker.java:134)
at java.base/java.util.ArrayList.forEach(ArrayList.java:1596)
at org.testng.TestRunner.privateRun(TestRunner.java:741)
at org.testng.TestRunner.run(TestRunner.java:616)
at org.testng.SuiteRunner.runTest(SuiteRunner.java:421)
at org.testng.SuiteRunner.runSequentially(SuiteRunner.java:413)
at org.testng.SuiteRunner.privateRun(SuiteRunner.java:373)
at org.testng.SuiteRunner.run(SuiteRunner.java:312)
at org.testng.SuiteRunnerWorker.runSuite(SuiteRunnerWorker.java:52)
at org.testng.SuiteRunnerWorker.run(SuiteRunnerWorker.java:95)
at org.testng.TestNG.runSuitesSequentially(TestNG.java:1274)
at org.testng.TestNG.runSuitesLocally(TestNG.java:1208)
at org.testng.TestNG.runSuites(TestNG.java:1112)
at org.testng.TestNG.run(TestNG.java:1079)
at org.apache.maven.surefire.testng.TestNGExecutor.run(TestNGExecutor.java:155)
at org.apache.maven.surefire.testng.TestNGDirectoryTestSuite.executeMulti(TestNGDirectoryTestSuite.java:169)
at org.apache.maven.surefire.testng.TestNGDirectoryTestSuite.execute(TestNGDirectoryTestSuite.java:88)
at org.apache.maven.surefire.testng.TestNGProvider.invoke(TestNGProvider.java:137)
at org.apache.maven.surefire.booter.ForkedBooter.runSuitesInProcess(ForkedBooter.java:385)
at org.apache.maven.surefire.booter.ForkedBooter.execute(ForkedBooter.java:162)
at org.apache.maven.surefire.booter.ForkedBooter.run(ForkedBooter.java:507)
at org.apache.maven.surefire.booter.ForkedBooter.main(ForkedBooter.java:495)
Caused by: com.microsoft.playwright.impl.TargetClosedError: Error {
  message='Target page, context or browser has been closed
  name='TargetClosedError
  stack='TargetClosedError:Target page, context or browser has been closed
Error
    at captureRawStack (C:\Users\mjali\AppData\Local\Temp\playwright-java-17126378196027978920\package\lib\utils\isomorphic\stackTrace.js:32:17)
    at LongStandingScope._race (C:\Users\mjali\AppData\Local\Temp\playwright-java-17126378196027978920\package\lib\utils\isomorphic\manualPromise.js:87:58)
    at LongStandingScope.race (C:\Users\mjali\AppData\Local\Temp\playwright-java-17126378196027978920\package\lib\utils\isomorphic\manualPromise.js:80:17)
    at FrameDispatcher._handleCommand (C:\Users\mjali\AppData\Local\Temp\playwright-java-17126378196027978920\package\lib\server\dispatchers\dispatcher.js:90:36)
    at DispatcherConnection.dispatch (C:\Users\mjali\AppData\Local\Temp\playwright-java-17126378196027978920\package\lib\server\dispatchers\dispatcher.js:309:39)
}
Call log:
-   - navigating to "https://parabank.parasoft.com/parabank/index.htm", waiting until "load"

at com.microsoft.playwright.impl.Connection.dispatch(Connection.java:259)
at com.microsoft.playwright.impl.Connection.processOneMessage(Connection.java:214)
at com.microsoft.playwright.impl.ChannelOwner.runUntil(ChannelOwner.java:136)
... 38 more
]]>
    </error>
  </testcase> <!-- test -->
</testsuite> <!-- tests.RegisterUserTest -->
